2015-09-28 10:24:55,550 WARN  [cb-io-1-1] com.couchbase.client.core.endpoint.Endpoint: [null][KeyValueEndpoint]: Could not connect to endpoint, retrying with delay 32 MILLISECONDS: 
java.net.ConnectException: Connection refused: localhost/127.0.0.1:11210
	at sun.nio.ch.SocketChannelImpl.checkConnect(Native Method)
	at sun.nio.ch.SocketChannelImpl.finishConnect(SocketChannelImpl.java:717)
	at com.couchbase.client.deps.io.netty.channel.socket.nio.NioSocketChannel.doFinishConnect(NioSocketChannel.java:208)
	at com.couchbase.client.deps.io.netty.channel.nio.AbstractNioChannel$AbstractNioUnsafe.finishConnect(AbstractNioChannel.java:281)
	at com.couchbase.client.deps.io.netty.channel.nio.NioEventLoop.processSelectedKey(NioEventLoop.java:528)
	at com.couchbase.client.deps.io.netty.channel.nio.NioEventLoop.processSelectedKeysOptimized(NioEventLoop.java:468)
	at com.couchbase.client.deps.io.netty.channel.nio.NioEventLoop.processSelectedKeys(NioEventLoop.java:382)
	at com.couchbase.client.deps.io.netty.channel.nio.NioEventLoop.run(NioEventLoop.java:354)
	at com.couchbase.client.deps.io.netty.util.concurrent.SingleThreadEventExecutor$2.run(SingleThreadEventExecutor.java:116)
	at com.couchbase.client.deps.io.netty.util.concurrent.DefaultThreadFactory$DefaultRunnableDecorator.run(DefaultThreadFactory.java:137)
	at java.lang.Thread.run(Thread.java:745)
2015-09-28 10:24:55,588 WARN  [cb-io-1-2] com.couchbase.client.core.endpoint.Endpoint: [null][KeyValueEndpoint]: Could not connect to endpoint, retrying with delay 32 MILLISECONDS: 
java.net.ConnectException: Connection refused: localhost/127.0.0.1:11210
	at sun.nio.ch.SocketChannelImpl.checkConnect(Native Method)
	at sun.nio.ch.SocketChannelImpl.finishConnect(SocketChannelImpl.java:717)
	at com.couchbase.client.deps.io.netty.channel.socket.nio.NioSocketChannel.doFinishConnect(NioSocketChannel.java:208)
	at com.couchbase.client.deps.io.netty.channel.nio.AbstractNioChannel$AbstractNioUnsafe.finishConnect(AbstractNioChannel.java:281)
	at com.couchbase.client.deps.io.netty.channel.nio.NioEventLoop.processSelectedKey(NioEventLoop.java:528)
	at com.couchbase.client.deps.io.netty.channel.nio.NioEventLoop.processSelectedKeysOptimized(NioEventLoop.java:468)
	at com.couchbase.client.deps.io.netty.channel.nio.NioEventLoop.processSelectedKeys(NioEventLoop.java:382)
	at com.couchbase.client.deps.io.netty.channel.nio.NioEventLoop.run(NioEventLoop.java:354)
	at com.couchbase.client.deps.io.netty.util.concurrent.SingleThreadEventExecutor$2.run(SingleThreadEventExecutor.java:116)
	at com.couchbase.client.deps.io.netty.util.concurrent.DefaultThreadFactory$DefaultRunnableDecorator.run(DefaultThreadFactory.java:137)
	at java.lang.Thread.run(Thread.java:745)
2015-09-28 10:24:55,623 WARN  [cb-io-1-3] com.couchbase.client.core.endpoint.Endpoint: [null][KeyValueEndpoint]: Could not connect to endpoint, retrying with delay 32 MILLISECONDS: 
java.net.ConnectException: Connection refused: localhost/127.0.0.1:11210
	at sun.nio.ch.SocketChannelImpl.checkConnect(Native Method)
	at sun.nio.ch.SocketChannelImpl.finishConnect(SocketChannelImpl.java:717)
	at com.couchbase.client.deps.io.netty.channel.socket.nio.NioSocketChannel.doFinishConnect(NioSocketChannel.java:208)
	at com.couchbase.client.deps.io.netty.channel.nio.AbstractNioChannel$AbstractNioUnsafe.finishConnect(AbstractNioChannel.java:281)
	at com.couchbase.client.deps.io.netty.channel.nio.NioEventLoop.processSelectedKey(NioEventLoop.java:528)
	at com.couchbase.client.deps.io.netty.channel.nio.NioEventLoop.processSelectedKeysOptimized(NioEventLoop.java:468)
	at com.couchbase.client.deps.io.netty.channel.nio.NioEventLoop.processSelectedKeys(NioEventLoop.java:382)
	at com.couchbase.client.deps.io.netty.channel.nio.NioEventLoop.run(NioEventLoop.java:354)
	at com.couchbase.client.deps.io.netty.util.concurrent.SingleThreadEventExecutor$2.run(SingleThreadEventExecutor.java:116)
	at com.couchbase.client.deps.io.netty.util.concurrent.DefaultThreadFactory$DefaultRunnableDecorator.run(DefaultThreadFactory.java:137)
	at java.lang.Thread.run(Thread.java:745)
2015-09-28 10:24:55,657 WARN  [cb-io-1-4] com.couchbase.client.core.endpoint.Endpoint: [null][KeyValueEndpoint]: Could not connect to endpoint, retrying with delay 32 MILLISECONDS: 
java.net.ConnectException: Connection refused: localhost/127.0.0.1:11210
	at sun.nio.ch.SocketChannelImpl.checkConnect(Native Method)
	at sun.nio.ch.SocketChannelImpl.finishConnect(SocketChannelImpl.java:717)
	at com.couchbase.client.deps.io.netty.channel.socket.nio.NioSocketChannel.doFinishConnect(NioSocketChannel.java:208)
	at com.couchbase.client.deps.io.netty.channel.nio.AbstractNioChannel$AbstractNioUnsafe.finishConnect(AbstractNioChannel.java:281)
	at com.couchbase.client.deps.io.netty.channel.nio.NioEventLoop.processSelectedKey(NioEventLoop.java:528)
	at com.couchbase.client.deps.io.netty.channel.nio.NioEventLoop.processSelectedKeysOptimized(NioEventLoop.java:468)
	at com.couchbase.client.deps.io.netty.channel.nio.NioEventLoop.processSelectedKeys(NioEventLoop.java:382)
	at com.couchbase.client.deps.io.netty.channel.nio.NioEventLoop.run(NioEventLoop.java:354)
	at com.couchbase.client.deps.io.netty.util.concurrent.SingleThreadEventExecutor$2.run(SingleThreadEventExecutor.java:116)
	at com.couchbase.client.deps.io.netty.util.concurrent.DefaultThreadFactory$DefaultRunnableDecorator.run(DefaultThreadFactory.java:137)
	at java.lang.Thread.run(Thread.java:745)
2015-09-28 10:24:55,692 WARN  [cb-io-1-5] com.couchbase.client.core.endpoint.Endpoint: [null][KeyValueEndpoint]: Could not connect to endpoint, retrying with delay 32 MILLISECONDS: 
java.net.ConnectException: Connection refused: localhost/127.0.0.1:11210
	at sun.nio.ch.SocketChannelImpl.checkConnect(Native Method)
	at sun.nio.ch.SocketChannelImpl.finishConnect(SocketChannelImpl.java:717)
	at com.couchbase.client.deps.io.netty.channel.socket.nio.NioSocketChannel.doFinishConnect(NioSocketChannel.java:208)
	at com.couchbase.client.deps.io.netty.channel.nio.AbstractNioChannel$AbstractNioUnsafe.finishConnect(AbstractNioChannel.java:281)
	at com.couchbase.client.deps.io.netty.channel.nio.NioEventLoop.processSelectedKey(NioEventLoop.java:528)
	at com.couchbase.client.deps.io.netty.channel.nio.NioEventLoop.processSelectedKeysOptimized(NioEventLoop.java:468)
	at com.couchbase.client.deps.io.netty.channel.nio.NioEventLoop.processSelectedKeys(NioEventLoop.java:382)
	at com.couchbase.client.deps.io.netty.channel.nio.NioEventLoop.run(NioEventLoop.java:354)
	at com.couchbase.client.deps.io.netty.util.concurrent.SingleThreadEventExecutor$2.run(SingleThreadEventExecutor.java:116)
	at com.couchbase.client.deps.io.netty.util.concurrent.DefaultThreadFactory$DefaultRunnableDecorator.run(DefaultThreadFactory.java:137)
	at java.lang.Thread.run(Thread.java:745)
2015-09-28 10:24:55,727 WARN  [cb-io-1-6] com.couchbase.client.core.endpoint.Endpoint: [null][KeyValueEndpoint]: Could not connect to endpoint, retrying with delay 32 MILLISECONDS: 
java.net.ConnectException: Connection refused: localhost/127.0.0.1:11210
	at sun.nio.ch.SocketChannelImpl.checkConnect(Native Method)
	at sun.nio.ch.SocketChannelImpl.finishConnect(SocketChannelImpl.java:717)
	at com.couchbase.client.deps.io.netty.channel.socket.nio.NioSocketChannel.doFinishConnect(NioSocketChannel.java:208)
	at com.couchbase.client.deps.io.netty.channel.nio.AbstractNioChannel$AbstractNioUnsafe.finishConnect(AbstractNioChannel.java:281)
	at com.couchbase.client.deps.io.netty.channel.nio.NioEventLoop.processSelectedKey(NioEventLoop.java:528)
	at com.couchbase.client.deps.io.netty.channel.nio.NioEventLoop.processSelectedKeysOptimized(NioEventLoop.java:468)
	at com.couchbase.client.deps.io.netty.channel.nio.NioEventLoop.processSelectedKeys(NioEventLoop.java:382)
	at com.couchbase.client.deps.io.netty.channel.nio.NioEventLoop.run(NioEventLoop.java:354)
	at com.couchbase.client.deps.io.netty.util.concurrent.SingleThreadEventExecutor$2.run(SingleThreadEventExecutor.java:116)
	at com.couchbase.client.deps.io.netty.util.concurrent.DefaultThreadFactory$DefaultRunnableDecorator.run(DefaultThreadFactory.java:137)
	at java.lang.Thread.run(Thread.java:745)
2015-09-28 10:24:55,761 WARN  [cb-io-1-7] com.couchbase.client.core.endpoint.Endpoint: [null][KeyValueEndpoint]: Could not connect to endpoint, retrying with delay 64 MILLISECONDS: 
java.net.ConnectException: Connection refused: localhost/127.0.0.1:11210
	at sun.nio.ch.SocketChannelImpl.checkConnect(Native Method)
	at sun.nio.ch.SocketChannelImpl.finishConnect(SocketChannelImpl.java:717)
	at com.couchbase.client.deps.io.netty.channel.socket.nio.NioSocketChannel.doFinishConnect(NioSocketChannel.java:208)
	at com.couchbase.client.deps.io.netty.channel.nio.AbstractNioChannel$AbstractNioUnsafe.finishConnect(AbstractNioChannel.java:281)
	at com.couchbase.client.deps.io.netty.channel.nio.NioEventLoop.processSelectedKey(NioEventLoop.java:528)
	at com.couchbase.client.deps.io.netty.channel.nio.NioEventLoop.processSelectedKeysOptimized(NioEventLoop.java:468)
	at com.couchbase.client.deps.io.netty.channel.nio.NioEventLoop.processSelectedKeys(NioEventLoop.java:382)
	at com.couchbase.client.deps.io.netty.channel.nio.NioEventLoop.run(NioEventLoop.java:354)
	at com.couchbase.client.deps.io.netty.util.concurrent.SingleThreadEventExecutor$2.run(SingleThreadEventExecutor.java:116)
	at com.couchbase.client.deps.io.netty.util.concurrent.DefaultThreadFactory$DefaultRunnableDecorator.run(DefaultThreadFactory.java:137)
	at java.lang.Thread.run(Thread.java:745)
2015-09-28 10:24:55,828 WARN  [cb-io-1-8] com.couchbase.client.core.endpoint.Endpoint: [null][KeyValueEndpoint]: Could not connect to endpoint, retrying with delay 128 MILLISECONDS: 
java.net.ConnectException: Connection refused: localhost/127.0.0.1:11210
	at sun.nio.ch.SocketChannelImpl.checkConnect(Native Method)
	at sun.nio.ch.SocketChannelImpl.finishConnect(SocketChannelImpl.java:717)
	at com.couchbase.client.deps.io.netty.channel.socket.nio.NioSocketChannel.doFinishConnect(NioSocketChannel.java:208)
	at com.couchbase.client.deps.io.netty.channel.nio.AbstractNioChannel$AbstractNioUnsafe.finishConnect(AbstractNioChannel.java:281)
	at com.couchbase.client.deps.io.netty.channel.nio.NioEventLoop.processSelectedKey(NioEventLoop.java:528)
	at com.couchbase.client.deps.io.netty.channel.nio.NioEventLoop.processSelectedKeysOptimized(NioEventLoop.java:468)
	at com.couchbase.client.deps.io.netty.channel.nio.NioEventLoop.processSelectedKeys(NioEventLoop.java:382)
	at com.couchbase.client.deps.io.netty.channel.nio.NioEventLoop.run(NioEventLoop.java:354)
	at com.couchbase.client.deps.io.netty.util.concurrent.SingleThreadEventExecutor$2.run(SingleThreadEventExecutor.java:116)
	at com.couchbase.client.deps.io.netty.util.concurrent.DefaultThreadFactory$DefaultRunnableDecorator.run(DefaultThreadFactory.java:137)
	at java.lang.Thread.run(Thread.java:745)
2015-09-28 10:24:55,958 WARN  [cb-io-1-1] com.couchbase.client.core.endpoint.Endpoint: [null][KeyValueEndpoint]: Could not connect to endpoint, retrying with delay 256 MILLISECONDS: 
java.net.ConnectException: Connection refused: localhost/127.0.0.1:11210
	at sun.nio.ch.SocketChannelImpl.checkConnect(Native Method)
	at sun.nio.ch.SocketChannelImpl.finishConnect(SocketChannelImpl.java:717)
	at com.couchbase.client.deps.io.netty.channel.socket.nio.NioSocketChannel.doFinishConnect(NioSocketChannel.java:208)
	at com.couchbase.client.deps.io.netty.channel.nio.AbstractNioChannel$AbstractNioUnsafe.finishConnect(AbstractNioChannel.java:281)
	at com.couchbase.client.deps.io.netty.channel.nio.NioEventLoop.processSelectedKey(NioEventLoop.java:528)
	at com.couchbase.client.deps.io.netty.channel.nio.NioEventLoop.processSelectedKeysOptimized(NioEventLoop.java:468)
	at com.couchbase.client.deps.io.netty.channel.nio.NioEventLoop.processSelectedKeys(NioEventLoop.java:382)
	at com.couchbase.client.deps.io.netty.channel.nio.NioEventLoop.run(NioEventLoop.java:354)
	at com.couchbase.client.deps.io.netty.util.concurrent.SingleThreadEventExecutor$2.run(SingleThreadEventExecutor.java:116)
	at com.couchbase.client.deps.io.netty.util.concurrent.DefaultThreadFactory$DefaultRunnableDecorator.run(DefaultThreadFactory.java:137)
	at java.lang.Thread.run(Thread.java:745)
2015-09-28 10:24:56,215 WARN  [cb-io-1-2] com.couchbase.client.core.endpoint.Endpoint: [null][KeyValueEndpoint]: Could not connect to endpoint, retrying with delay 512 MILLISECONDS: 
java.net.ConnectException: Connection refused: localhost/127.0.0.1:11210
	at sun.nio.ch.SocketChannelImpl.checkConnect(Native Method)
	at sun.nio.ch.SocketChannelImpl.finishConnect(SocketChannelImpl.java:717)
	at com.couchbase.client.deps.io.netty.channel.socket.nio.NioSocketChannel.doFinishConnect(NioSocketChannel.java:208)
	at com.couchbase.client.deps.io.netty.channel.nio.AbstractNioChannel$AbstractNioUnsafe.finishConnect(AbstractNioChannel.java:281)
	at com.couchbase.client.deps.io.netty.channel.nio.NioEventLoop.processSelectedKey(NioEventLoop.java:528)
	at com.couchbase.client.deps.io.netty.channel.nio.NioEventLoop.processSelectedKeysOptimized(NioEventLoop.java:468)
	at com.couchbase.client.deps.io.netty.channel.nio.NioEventLoop.processSelectedKeys(NioEventLoop.java:382)
	at com.couchbase.client.deps.io.netty.channel.nio.NioEventLoop.run(NioEventLoop.java:354)
	at com.couchbase.client.deps.io.netty.util.concurrent.SingleThreadEventExecutor$2.run(SingleThreadEventExecutor.java:116)
	at com.couchbase.client.deps.io.netty.util.concurrent.DefaultThreadFactory$DefaultRunnableDecorator.run(DefaultThreadFactory.java:137)
	at java.lang.Thread.run(Thread.java:745)
2015-09-28 10:24:56,731 WARN  [cb-io-1-3] com.couchbase.client.core.endpoint.Endpoint: [null][KeyValueEndpoint]: Could not connect to endpoint, retrying with delay 1024 MILLISECONDS: 
java.net.ConnectException: Connection refused: localhost/127.0.0.1:11210
	at sun.nio.ch.SocketChannelImpl.checkConnect(Native Method)
	at sun.nio.ch.SocketChannelImpl.finishConnect(SocketChannelImpl.java:717)
	at com.couchbase.client.deps.io.netty.channel.socket.nio.NioSocketChannel.doFinishConnect(NioSocketChannel.java:208)
	at com.couchbase.client.deps.io.netty.channel.nio.AbstractNioChannel$AbstractNioUnsafe.finishConnect(AbstractNioChannel.java:281)
	at com.couchbase.client.deps.io.netty.channel.nio.NioEventLoop.processSelectedKey(NioEventLoop.java:528)
	at com.couchbase.client.deps.io.netty.channel.nio.NioEventLoop.processSelectedKeysOptimized(NioEventLoop.java:468)
	at com.couchbase.client.deps.io.netty.channel.nio.NioEventLoop.processSelectedKeys(NioEventLoop.java:382)
	at com.couchbase.client.deps.io.netty.channel.nio.NioEventLoop.run(NioEventLoop.java:354)
	at com.couchbase.client.deps.io.netty.util.concurrent.SingleThreadEventExecutor$2.run(SingleThreadEventExecutor.java:116)
	at com.couchbase.client.deps.io.netty.util.concurrent.DefaultThreadFactory$DefaultRunnableDecorator.run(DefaultThreadFactory.java:137)
	at java.lang.Thread.run(Thread.java:745)
2015-09-28 10:24:57,758 WARN  [cb-io-1-4] com.couchbase.client.core.endpoint.Endpoint: [null][KeyValueEndpoint]: Could not connect to endpoint, retrying with delay 2048 MILLISECONDS: 
java.net.ConnectException: Connection refused: localhost/127.0.0.1:11210
	at sun.nio.ch.SocketChannelImpl.checkConnect(Native Method)
	at sun.nio.ch.SocketChannelImpl.finishConnect(SocketChannelImpl.java:717)
	at com.couchbase.client.deps.io.netty.channel.socket.nio.NioSocketChannel.doFinishConnect(NioSocketChannel.java:208)
	at com.couchbase.client.deps.io.netty.channel.nio.AbstractNioChannel$AbstractNioUnsafe.finishConnect(AbstractNioChannel.java:281)
	at com.couchbase.client.deps.io.netty.channel.nio.NioEventLoop.processSelectedKey(NioEventLoop.java:528)
	at com.couchbase.client.deps.io.netty.channel.nio.NioEventLoop.processSelectedKeysOptimized(NioEventLoop.java:468)
	at com.couchbase.client.deps.io.netty.channel.nio.NioEventLoop.processSelectedKeys(NioEventLoop.java:382)
	at com.couchbase.client.deps.io.netty.channel.nio.NioEventLoop.run(NioEventLoop.java:354)
	at com.couchbase.client.deps.io.netty.util.concurrent.SingleThreadEventExecutor$2.run(SingleThreadEventExecutor.java:116)
	at com.couchbase.client.deps.io.netty.util.concurrent.DefaultThreadFactory$DefaultRunnableDecorator.run(DefaultThreadFactory.java:137)
	at java.lang.Thread.run(Thread.java:745)
2015-09-28 10:24:59,808 WARN  [cb-io-1-5] com.couchbase.client.core.endpoint.Endpoint: [null][KeyValueEndpoint]: Could not connect to endpoint, retrying with delay 4096 MILLISECONDS: 
java.net.ConnectException: Connection refused: localhost/127.0.0.1:11210
	at sun.nio.ch.SocketChannelImpl.checkConnect(Native Method)
	at sun.nio.ch.SocketChannelImpl.finishConnect(SocketChannelImpl.java:717)
	at com.couchbase.client.deps.io.netty.channel.socket.nio.NioSocketChannel.doFinishConnect(NioSocketChannel.java:208)
	at com.couchbase.client.deps.io.netty.channel.nio.AbstractNioChannel$AbstractNioUnsafe.finishConnect(AbstractNioChannel.java:281)
	at com.couchbase.client.deps.io.netty.channel.nio.NioEventLoop.processSelectedKey(NioEventLoop.java:528)
	at com.couchbase.client.deps.io.netty.channel.nio.NioEventLoop.processSelectedKeysOptimized(NioEventLoop.java:468)
	at com.couchbase.client.deps.io.netty.channel.nio.NioEventLoop.processSelectedKeys(NioEventLoop.java:382)
	at com.couchbase.client.deps.io.netty.channel.nio.NioEventLoop.run(NioEventLoop.java:354)
	at com.couchbase.client.deps.io.netty.util.concurrent.SingleThreadEventExecutor$2.run(SingleThreadEventExecutor.java:116)
	at com.couchbase.client.deps.io.netty.util.concurrent.DefaultThreadFactory$DefaultRunnableDecorator.run(DefaultThreadFactory.java:137)
	at java.lang.Thread.run(Thread.java:745)
